\BOOKMARK [1][-]{section.1}{1. Modular Arithmetic}{}% 1
\BOOKMARK [2][-]{section*.1}{Adding around the clock}{section.1}% 2
\BOOKMARK [2][-]{section*.2}{Modulo}{section.1}% 3
\BOOKMARK [2][-]{section*.4}{Exercises}{section.1}% 4
\BOOKMARK [2][-]{section*.5}{Multiplication mod n}{section.1}% 5
\BOOKMARK [1][-]{section.2}{2. Euclidean Division and the Euclidean Algorithm}{}% 6
\BOOKMARK [2][-]{section*.7}{Euclidean division}{section.2}% 7
\BOOKMARK [2][-]{section*.8}{Excersises}{section.2}% 8
\BOOKMARK [2][-]{section*.9}{Euclidean Algorithm}{section.2}% 9
\BOOKMARK [2][-]{section*.10}{Exercises}{section.2}% 10
\BOOKMARK [1][-]{section.3}{3. Bezout's Identity, Fermat's Little Theorem...}{}% 11
\BOOKMARK [2][-]{section*.11}{Bezout's Identity}{section.3}% 12
\BOOKMARK [2][-]{section*.12}{Exercise}{section.3}% 13
\BOOKMARK [2][-]{section*.13}{Excersise}{section.3}% 14
\BOOKMARK [2][-]{section*.14}{Question}{section.3}% 15
\BOOKMARK [1][-]{section.4}{4. Cryptography}{}% 16
\BOOKMARK [2][-]{section*.15}{Caesar Cipher}{section.4}% 17
\BOOKMARK [2][-]{section*.16}{Exercise}{section.4}% 18
\BOOKMARK [2][-]{section*.17}{Public key cryptography}{section.4}% 19
\BOOKMARK [2][-]{section*.18}{Exercises}{section.4}% 20
\BOOKMARK [2][-]{section*.19}{RSA}{section.4}% 21
